<?xml version="1.0" encoding="UTF-8"?>
<testng-results skipped="0" failed="0" ignored="0" total="1" passed="1">
  <reporter-output>
  </reporter-output>
  <suite name="Default suite" duration-ms="250022" started-at="2019-12-20T17:27:40Z" finished-at="2019-12-20T17:31:50Z">
    <groups>
    </groups>
    <test name="Default test" duration-ms="250022" started-at="2019-12-20T17:27:40Z" finished-at="2019-12-20T17:31:50Z">
      <class name="Nixon.Mobile.CheckoutPaymentTypes.Mobile_checkoutAllPaymentsUS2">
        <test-method status="PASS" signature="test()[pri:0, instance:Nixon.Mobile.CheckoutPaymentTypes.Mobile_checkoutAllPaymentsUS2@396a51ab]" name="test" duration-ms="250002" started-at="2019-12-20T17:27:40Z" finished-at="2019-12-20T17:31:50Z">
          <reporter-output>
          </reporter-output>
        </test-method> <!-- test -->
      </class> <!-- Nixon.Mobile.CheckoutPaymentTypes.Mobile_checkoutAllPaymentsUS2 -->
    </test> <!-- Default test -->
  </suite> <!-- Default suite -->
</testng-results>
